{"numFailedTestSuites":1,"numFailedTests":1,"numPassedTestSuites":0,"numPassedTests":4,"numPendingTestSuites":0,"numPendingTests":0,"numRuntimeErrorTestSuites":0,"numTodoTests":0,"numTotalTestSuites":1,"numTotalTests":5,"openHandles":[],"snapshot":{"added":0,"didUpdate":false,"failure":false,"filesAdded":0,"filesRemoved":0,"filesRemovedList":[],"filesUnmatched":0,"filesUpdated":0,"matched":0,"total":0,"unchecked":0,"uncheckedKeysByFile":[],"unmatched":0,"updated":0},"startTime":1736497567745,"success":false,"testResults":[{"assertionResults":[{"ancestorTitles":["App Component"],"failureMessages":[],"fullName":"App Component renders without crashing","location":null,"status":"passed","title":"renders without crashing"},{"ancestorTitles":["App Component"],"failureMessages":[],"fullName":"App Component initializes with default theme","location":null,"status":"passed","title":"initializes with default theme"},{"ancestorTitles":["App Component"],"failureMessages":[],"fullName":"App Component renders Header component","location":null,"status":"passed","title":"renders Header component"},{"ancestorTitles":["App Component"],"failureMessages":[],"fullName":"App Component renders ThemeChanger component with correct props","location":null,"status":"passed","title":"renders ThemeChanger component with correct props"},{"ancestorTitles":["App Component"],"failureMessages":["TestingLibraryElementError: Unable to find an element by: [data-testid=\"theme-dark\"]\n\nIgnored nodes: comments, script, style\n\u001b[36m<body>\u001b[39m\n  \u001b[36m<div>\u001b[39m\n    \u001b[36m<div />\u001b[39m\n  \u001b[36m</div>\u001b[39m\n\u001b[36m</body>\u001b[39m\n    at Object.getElementError (/Users/raviranjan/Documents/agents/react-i18next/example/react/node_modules/@testing-library/dom/dist/config.js:37:19)\n    at /Users/raviranjan/Documents/agents/react-i18next/example/react/node_modules/@testing-library/dom/dist/query-helpers.js:76:38\n    at /Users/raviranjan/Documents/agents/react-i18next/example/react/node_modules/@testing-library/dom/dist/query-helpers.js:52:17\n    at getByTestId (/Users/raviranjan/Documents/agents/react-i18next/example/react/node_modules/@testing-library/dom/dist/query-helpers.js:95:19)\n    at Object.<anonymous> (/Users/raviranjan/Documents/agents/react-i18next/example/react/src/providers/test/App.baserock.test.js:79:29)\n    at Promise.then.completed (/Users/raviranjan/Documents/agents/react-i18next/example/react/node_modules/jest-circus/build/utils.js:391:28)\n    at new Promise (<anonymous>)\n    at callAsyncCircusFn (/Users/raviranjan/Documents/agents/react-i18next/example/react/node_modules/jest-circus/build/utils.js:316:10)\n    at _callCircusTest (/Users/raviranjan/Documents/agents/react-i18next/example/react/node_modules/jest-circus/build/run.js:218:40)\n    at _runTest (/Users/raviranjan/Documents/agents/react-i18next/example/react/node_modules/jest-circus/build/run.js:155:3)\n    at _runTestsForDescribeBlock (/Users/raviranjan/Documents/agents/react-i18next/example/react/node_modules/jest-circus/build/run.js:66:9)\n    at _runTestsForDescribeBlock (/Users/raviranjan/Documents/agents/react-i18next/example/react/node_modules/jest-circus/build/run.js:60:9)\n    at run (/Users/raviranjan/Documents/agents/react-i18next/example/react/node_modules/jest-circus/build/run.js:25:3)\n    at runAndTransformResultsToJestFormat (/Users/raviranjan/Documents/agents/react-i18next/example/react/node_modules/jest-circus/build/legacy-code-todo-rewrite/jestAdapterInit.js:170:21)\n    at jestAdapter (/Users/raviranjan/Documents/agents/react-i18next/example/react/node_modules/jest-circus/build/legacy-code-todo-rewrite/jestAdapter.js:82:19)\n    at runTestInternal (/Users/raviranjan/Documents/agents/react-i18next/example/react/node_modules/jest-runner/build/runTest.js:389:16)\n    at runTest (/Users/raviranjan/Documents/agents/react-i18next/example/react/node_modules/jest-runner/build/runTest.js:475:34)\n    at TestRunner.runTests (/Users/raviranjan/Documents/agents/react-i18next/example/react/node_modules/jest-runner/build/index.js:101:12)\n    at TestScheduler.scheduleTests (/Users/raviranjan/Documents/agents/react-i18next/example/react/node_modules/@jest/core/build/TestScheduler.js:333:13)\n    at runJest (/Users/raviranjan/Documents/agents/react-i18next/example/react/node_modules/@jest/core/build/runJest.js:404:19)\n    at _run10000 (/Users/raviranjan/Documents/agents/react-i18next/example/react/node_modules/@jest/core/build/cli/index.js:320:7)\n    at runCLI (/Users/raviranjan/Documents/agents/react-i18next/example/react/node_modules/@jest/core/build/cli/index.js:173:3)\n    at Object.run (/Users/raviranjan/Documents/agents/react-i18next/example/react/node_modules/jest-cli/build/cli/index.js:155:37)"],"fullName":"App Component changes theme when ThemeChanger triggers onChangeTheme","location":null,"status":"failed","title":"changes theme when ThemeChanger triggers onChangeTheme"}],"endTime":1736497568286,"message":"  ● App Component › changes theme when ThemeChanger triggers onChangeTheme\n\n    TestingLibraryElementError: Unable to find an element by: [data-testid=\"theme-dark\"]\n\n    Ignored nodes: comments, script, style\n    \u001b[36m<body>\u001b[39m\n      \u001b[36m<div>\u001b[39m\n        \u001b[36m<div />\u001b[39m\n      \u001b[36m</div>\u001b[39m\n    \u001b[36m</body>\u001b[39m\n\n      77 |   it('changes theme when ThemeChanger triggers onChangeTheme', () => {\n      78 |     const { getByTestId } = render(<App />);\n    > 79 |     const darkThemeButton = getByTestId('theme-dark');\n         |                             ^\n      80 |     \n      81 |     fireEvent.click(darkThemeButton);\n      82 |     \n\n      at Object.getElementError (node_modules/@testing-library/dom/dist/config.js:37:19)\n      at node_modules/@testing-library/dom/dist/query-helpers.js:76:38\n      at node_modules/@testing-library/dom/dist/query-helpers.js:52:17\n      at getByTestId (node_modules/@testing-library/dom/dist/query-helpers.js:95:19)\n      at Object.<anonymous> (src/providers/test/App.baserock.test.js:79:29)\n      at TestScheduler.scheduleTests (node_modules/@jest/core/build/TestScheduler.js:333:13)\n      at runJest (node_modules/@jest/core/build/runJest.js:404:19)\n      at _run10000 (node_modules/@jest/core/build/cli/index.js:320:7)\n      at runCLI (node_modules/@jest/core/build/cli/index.js:173:3)\n","name":"/Users/raviranjan/Documents/agents/react-i18next/example/react/src/providers/test/App.baserock.test.js","startTime":1736497567918,"status":"failed","summary":""}],"wasInterrupted":false,"coverageMap":{"/Users/raviranjan/Documents/agents/react-i18next/example/react/src/providers/App.js":{"path":"/Users/raviranjan/Documents/agents/react-i18next/example/react/src/providers/App.js","statementMap":{"0":{"start":{"line":11,"column":10},"end":{"line":13,"column":3}},"1":{"start":{"line":15,"column":22},"end":{"line":17,"column":3}},"2":{"start":{"line":16,"column":4},"end":{"line":16,"column":48}},"3":{"start":{"line":20,"column":4},"end":{"line":30,"column":6}}},"fnMap":{"0":{"name":"(anonymous_0)","decl":{"start":{"line":15,"column":22},"end":{"line":15,"column":23}},"loc":{"start":{"line":15,"column":45},"end":{"line":17,"column":3}},"line":15},"1":{"name":"(anonymous_1)","decl":{"start":{"line":19,"column":2},"end":{"line":19,"column":3}},"loc":{"start":{"line":19,"column":11},"end":{"line":31,"column":3}},"line":19}},"branchMap":{},"s":{"0":5,"1":5,"2":0,"3":5},"f":{"0":0,"1":5},"b":{},"_coverageSchema":"1a1c01bbd47fc00a2c39e90264f33305004495a9","hash":"5d92391c30d98ad28bc37d07637ce1e996cfd399"},"/Users/raviranjan/Documents/agents/react-i18next/example/react/src/context/contact/contactContext.js":{"path":"/Users/raviranjan/Documents/agents/react-i18next/example/react/src/context/contact/contactContext.js","statementMap":{"0":{"start":{"line":3,"column":23},"end":{"line":3,"column":38}}},"fnMap":{},"branchMap":{},"s":{"0":0},"f":{},"b":{}},"/Users/raviranjan/Documents/agents/react-i18next/example/react/src/context/alert/alertContext.js":{"path":"/Users/raviranjan/Documents/agents/react-i18next/example/react/src/context/alert/alertContext.js","statementMap":{"0":{"start":{"line":3,"column":21},"end":{"line":3,"column":36}}},"fnMap":{},"branchMap":{},"s":{"0":0},"f":{},"b":{}},"/Users/raviranjan/Documents/agents/react-i18next/example/react/src/context/alert/alertReducer.js":{"path":"/Users/raviranjan/Documents/agents/react-i18next/example/react/src/context/alert/alertReducer.js","statementMap":{"0":{"start":{"line":5,"column":2},"end":{"line":12,"column":3}},"1":{"start":{"line":7,"column":6},"end":{"line":7,"column":40}},"2":{"start":{"line":9,"column":6},"end":{"line":9,"column":64}},"3":{"start":{"line":9,"column":35},"end":{"line":9,"column":62}},"4":{"start":{"line":11,"column":6},"end":{"line":11,"column":19}}},"fnMap":{"0":{"name":"(anonymous_0)","decl":{"start":{"line":4,"column":15},"end":{"line":4,"column":16}},"loc":{"start":{"line":4,"column":34},"end":{"line":13,"column":1}},"line":4},"1":{"name":"(anonymous_1)","decl":{"start":{"line":9,"column":26},"end":{"line":9,"column":27}},"loc":{"start":{"line":9,"column":35},"end":{"line":9,"column":62}},"line":9}},"branchMap":{"0":{"loc":{"start":{"line":5,"column":2},"end":{"line":12,"column":3}},"type":"switch","locations":[{"start":{"line":6,"column":4},"end":{"line":7,"column":40}},{"start":{"line":8,"column":4},"end":{"line":9,"column":64}},{"start":{"line":10,"column":4},"end":{"line":11,"column":19}}],"line":5}},"s":{"0":0,"1":0,"2":0,"3":0,"4":0},"f":{"0":0,"1":0},"b":{"0":[0,0,0]}},"/Users/raviranjan/Documents/agents/react-i18next/example/react/src/context/auth/authReducer.js":{"path":"/Users/raviranjan/Documents/agents/react-i18next/example/react/src/context/auth/authReducer.js","statementMap":{"0":{"start":{"line":14,"column":2},"end":{"line":51,"column":3}},"1":{"start":{"line":16,"column":6},"end":{"line":21,"column":8}},"2":{"start":{"line":24,"column":6},"end":{"line":24,"column":58}},"3":{"start":{"line":25,"column":6},"end":{"line":30,"column":8}},"4":{"start":{"line":35,"column":6},"end":{"line":35,"column":39}},"5":{"start":{"line":36,"column":6},"end":{"line":43,"column":8}},"6":{"start":{"line":45,"column":6},"end":{"line":48,"column":8}},"7":{"start":{"line":50,"column":6},"end":{"line":50,"column":19}}},"fnMap":{"0":{"name":"(anonymous_0)","decl":{"start":{"line":13,"column":15},"end":{"line":13,"column":16}},"loc":{"start":{"line":13,"column":34},"end":{"line":52,"column":1}},"line":13}},"branchMap":{"0":{"loc":{"start":{"line":14,"column":2},"end":{"line":51,"column":3}},"type":"switch","locations":[{"start":{"line":15,"column":4},"end":{"line":21,"column":8}},{"start":{"line":22,"column":4},"end":{"line":22,"column":26}},{"start":{"line":23,"column":4},"end":{"line":30,"column":8}},{"start":{"line":31,"column":4},"end":{"line":31,"column":23}},{"start":{"line":32,"column":4},"end":{"line":32,"column":20}},{"start":{"line":33,"column":4},"end":{"line":33,"column":20}},{"start":{"line":34,"column":4},"end":{"line":43,"column":8}},{"start":{"line":44,"column":4},"end":{"line":48,"column":8}},{"start":{"line":49,"column":4},"end":{"line":50,"column":19}}],"line":14}},"s":{"0":0,"1":0,"2":0,"3":0,"4":0,"5":0,"6":0,"7":0},"f":{"0":0},"b":{"0":[0,0,0,0,0,0,0,0,0]}},"/Users/raviranjan/Documents/agents/react-i18next/example/react/src/context/auth/authContext.js":{"path":"/Users/raviranjan/Documents/agents/react-i18next/example/react/src/context/auth/authContext.js","statementMap":{"0":{"start":{"line":3,"column":20},"end":{"line":3,"column":35}}},"fnMap":{},"branchMap":{},"s":{"0":0},"f":{},"b":{}},"/Users/raviranjan/Documents/agents/react-i18next/example/react/src/context/types.js":{"path":"/Users/raviranjan/Documents/agents/react-i18next/example/react/src/context/types.js","statementMap":{"0":{"start":{"line":1,"column":28},"end":{"line":1,"column":42}},"1":{"start":{"line":2,"column":27},"end":{"line":2,"column":40}},"2":{"start":{"line":3,"column":30},"end":{"line":3,"column":46}},"3":{"start":{"line":4,"column":27},"end":{"line":4,"column":40}},"4":{"start":{"line":5,"column":29},"end":{"line":5,"column":44}},"5":{"start":{"line":6,"column":30},"end":{"line":6,"column":46}},"6":{"start":{"line":7,"column":31},"end":{"line":7,"column":48}},"7":{"start":{"line":8,"column":30},"end":{"line":8,"column":46}},"8":{"start":{"line":9,"column":28},"end":{"line":9,"column":42}},"9":{"start":{"line":10,"column":29},"end":{"line":10,"column":44}},"10":{"start":{"line":11,"column":25},"end":{"line":11,"column":36}},"11":{"start":{"line":12,"column":28},"end":{"line":12,"column":42}},"12":{"start":{"line":13,"column":32},"end":{"line":13,"column":50}},"13":{"start":{"line":14,"column":29},"end":{"line":14,"column":44}},"14":{"start":{"line":15,"column":27},"end":{"line":15,"column":40}},"15":{"start":{"line":16,"column":26},"end":{"line":16,"column":38}},"16":{"start":{"line":17,"column":29},"end":{"line":17,"column":44}},"17":{"start":{"line":18,"column":26},"end":{"line":18,"column":38}},"18":{"start":{"line":19,"column":22},"end":{"line":19,"column":30}},"19":{"start":{"line":20,"column":28},"end":{"line":20,"column":42}}},"fnMap":{},"branchMap":{},"s":{"0":0,"1":0,"2":0,"3":0,"4":0,"5":0,"6":0,"7":0,"8":0,"9":0,"10":0,"11":0,"12":0,"13":0,"14":0,"15":0,"16":0,"17":0,"18":0,"19":0},"f":{},"b":{}},"/Users/raviranjan/Documents/agents/react-i18next/example/react/src/providers/types.js":{"path":"/Users/raviranjan/Documents/agents/react-i18next/example/react/src/providers/types.js","statementMap":{},"fnMap":{},"branchMap":{},"s":{},"f":{},"b":{}},"/Users/raviranjan/Documents/agents/react-i18next/example/react/src/context/alert/AlertState.js":{"path":"/Users/raviranjan/Documents/agents/react-i18next/example/react/src/context/alert/AlertState.js","statementMap":{"0":{"start":{"line":7,"column":19},"end":{"line":33,"column":1}},"1":{"start":{"line":8,"column":23},"end":{"line":8,"column":25}},"2":{"start":{"line":10,"column":28},"end":{"line":10,"column":66}},"3":{"start":{"line":13,"column":19},"end":{"line":21,"column":3}},"4":{"start":{"line":14,"column":15},"end":{"line":14,"column":21}},"5":{"start":{"line":15,"column":4},"end":{"line":18,"column":7}},"6":{"start":{"line":20,"column":4},"end":{"line":20,"column":80}},"7":{"start":{"line":20,"column":21},"end":{"line":20,"column":66}},"8":{"start":{"line":23,"column":2},"end":{"line":32,"column":4}}},"fnMap":{"0":{"name":"(anonymous_0)","decl":{"start":{"line":7,"column":19},"end":{"line":7,"column":20}},"loc":{"start":{"line":7,"column":28},"end":{"line":33,"column":1}},"line":7},"1":{"name":"(anonymous_1)","decl":{"start":{"line":13,"column":19},"end":{"line":13,"column":20}},"loc":{"start":{"line":13,"column":47},"end":{"line":21,"column":3}},"line":13},"2":{"name":"(anonymous_2)","decl":{"start":{"line":20,"column":15},"end":{"line":20,"column":16}},"loc":{"start":{"line":20,"column":21},"end":{"line":20,"column":66}},"line":20}},"branchMap":{"0":{"loc":{"start":{"line":13,"column":35},"end":{"line":13,"column":42}},"type":"default-arg","locations":[{"start":{"line":13,"column":41},"end":{"line":13,"column":42}}],"line":13}},"s":{"0":0,"1":0,"2":0,"3":0,"4":0,"5":0,"6":0,"7":0,"8":0},"f":{"0":0,"1":0,"2":0},"b":{"0":[0]}},"/Users/raviranjan/Documents/agents/react-i18next/example/react/src/context/contact/contactReducer.js":{"path":"/Users/raviranjan/Documents/agents/react-i18next/example/react/src/context/contact/contactReducer.js","statementMap":{"0":{"start":{"line":16,"column":2},"end":{"line":82,"column":3}},"1":{"start":{"line":18,"column":6},"end":{"line":22,"column":8}},"2":{"start":{"line":24,"column":6},"end":{"line":30,"column":8}},"3":{"start":{"line":27,"column":10},"end":{"line":27,"column":71}},"4":{"start":{"line":32,"column":6},"end":{"line":36,"column":8}},"5":{"start":{"line":38,"column":6},"end":{"line":41,"column":8}},"6":{"start":{"line":43,"column":6},"end":{"line":46,"column":8}},"7":{"start":{"line":48,"column":6},"end":{"line":53,"column":8}},"8":{"start":{"line":51,"column":22},"end":{"line":51,"column":53}},"9":{"start":{"line":55,"column":6},"end":{"line":61,"column":8}},"10":{"start":{"line":63,"column":6},"end":{"line":69,"column":8}},"11":{"start":{"line":66,"column":24},"end":{"line":66,"column":61}},"12":{"start":{"line":67,"column":10},"end":{"line":67,"column":73}},"13":{"start":{"line":71,"column":6},"end":{"line":74,"column":8}},"14":{"start":{"line":76,"column":6},"end":{"line":79,"column":8}},"15":{"start":{"line":81,"column":6},"end":{"line":81,"column":19}}},"fnMap":{"0":{"name":"(anonymous_0)","decl":{"start":{"line":15,"column":15},"end":{"line":15,"column":16}},"loc":{"start":{"line":15,"column":34},"end":{"line":83,"column":1}},"line":15},"1":{"name":"(anonymous_1)","decl":{"start":{"line":26,"column":37},"end":{"line":26,"column":38}},"loc":{"start":{"line":27,"column":10},"end":{"line":27,"column":71}},"line":27},"2":{"name":"(anonymous_2)","decl":{"start":{"line":51,"column":10},"end":{"line":51,"column":11}},"loc":{"start":{"line":51,"column":22},"end":{"line":51,"column":53}},"line":51},"3":{"name":"(anonymous_3)","decl":{"start":{"line":65,"column":40},"end":{"line":65,"column":41}},"loc":{"start":{"line":65,"column":51},"end":{"line":68,"column":9}},"line":65}},"branchMap":{"0":{"loc":{"start":{"line":16,"column":2},"end":{"line":82,"column":3}},"type":"switch","locations":[{"start":{"line":17,"column":4},"end":{"line":22,"column":8}},{"start":{"line":23,"column":4},"end":{"line":30,"column":8}},{"start":{"line":31,"column":4},"end":{"line":36,"column":8}},{"start":{"line":37,"column":4},"end":{"line":41,"column":8}},{"start":{"line":42,"column":4},"end":{"line":46,"column":8}},{"start":{"line":47,"column":4},"end":{"line":53,"column":8}},{"start":{"line":54,"column":4},"end":{"line":61,"column":8}},{"start":{"line":62,"column":4},"end":{"line":69,"column":8}},{"start":{"line":70,"column":4},"end":{"line":74,"column":8}},{"start":{"line":75,"column":4},"end":{"line":79,"column":8}},{"start":{"line":80,"column":4},"end":{"line":81,"column":19}}],"line":16},"1":{"loc":{"start":{"line":27,"column":10},"end":{"line":27,"column":71}},"type":"cond-expr","locations":[{"start":{"line":27,"column":47},"end":{"line":27,"column":61}},{"start":{"line":27,"column":64},"end":{"line":27,"column":71}}],"line":27},"2":{"loc":{"start":{"line":67,"column":17},"end":{"line":67,"column":72}},"type":"binary-expr","locations":[{"start":{"line":67,"column":17},"end":{"line":67,"column":42}},{"start":{"line":67,"column":46},"end":{"line":67,"column":72}}],"line":67}},"s":{"0":0,"1":0,"2":0,"3":0,"4":0,"5":0,"6":0,"7":0,"8":0,"9":0,"10":0,"11":0,"12":0,"13":0,"14":0,"15":0},"f":{"0":0,"1":0,"2":0,"3":0},"b":{"0":[0,0,0,0,0,0,0,0,0,0,0],"1":[0,0],"2":[0,0]}},"/Users/raviranjan/Documents/agents/react-i18next/example/react/src/providers/index.js":{"path":"/Users/raviranjan/Documents/agents/react-i18next/example/react/src/providers/index.js","statementMap":{},"fnMap":{},"branchMap":{},"s":{},"f":{},"b":{}},"/Users/raviranjan/Documents/agents/react-i18next/example/react/src/providers/createTheming.js":{"path":"/Users/raviranjan/Documents/agents/react-i18next/example/react/src/providers/createTheming.js","statementMap":{"0":{"start":{"line":18,"column":41},"end":{"line":18,"column":74}},"1":{"start":{"line":20,"column":46},"end":{"line":23,"column":3}},"2":{"start":{"line":25,"column":38},"end":{"line":28,"column":3}},"3":{"start":{"line":30,"column":19},"end":{"line":39,"column":3}},"4":{"start":{"line":31,"column":18},"end":{"line":31,"column":48}},"5":{"start":{"line":32,"column":19},"end":{"line":36,"column":5}},"6":{"start":{"line":34,"column":8},"end":{"line":34,"column":77}},"7":{"start":{"line":38,"column":4},"end":{"line":38,"column":18}},"8":{"start":{"line":41,"column":2},"end":{"line":46,"column":4}}},"fnMap":{"0":{"name":"createTheming","decl":{"start":{"line":15,"column":24},"end":{"line":15,"column":37}},"loc":{"start":{"line":17,"column":18},"end":{"line":47,"column":1}},"line":17},"1":{"name":"(anonymous_1)","decl":{"start":{"line":30,"column":19},"end":{"line":30,"column":20}},"loc":{"start":{"line":30,"column":53},"end":{"line":39,"column":3}},"line":30},"2":{"name":"(anonymous_2)","decl":{"start":{"line":33,"column":6},"end":{"line":33,"column":7}},"loc":{"start":{"line":34,"column":8},"end":{"line":34,"column":77}},"line":34}},"branchMap":{"0":{"loc":{"start":{"line":34,"column":8},"end":{"line":34,"column":77}},"type":"cond-expr","locations":[{"start":{"line":34,"column":29},"end":{"line":34,"column":56}},{"start":{"line":34,"column":59},"end":{"line":34,"column":77}}],"line":34},"1":{"loc":{"start":{"line":34,"column":8},"end":{"line":34,"column":26}},"type":"binary-expr","locations":[{"start":{"line":34,"column":8},"end":{"line":34,"column":13}},{"start":{"line":34,"column":17},"end":{"line":34,"column":26}}],"line":34},"2":{"loc":{"start":{"line":34,"column":59},"end":{"line":34,"column":77}},"type":"binary-expr","locations":[{"start":{"line":34,"column":59},"end":{"line":34,"column":64}},{"start":{"line":34,"column":68},"end":{"line":34,"column":77}}],"line":34}},"s":{"0":0,"1":0,"2":0,"3":0,"4":0,"5":0,"6":0,"7":0,"8":0},"f":{"0":0,"1":0,"2":0},"b":{"0":[0,0],"1":[0,0],"2":[0,0]}},"/Users/raviranjan/Documents/agents/react-i18next/example/react/src/context/contact/ContactState.js":{"path":"/Users/raviranjan/Documents/agents/react-i18next/example/react/src/context/contact/ContactState.js","statementMap":{"0":{"start":{"line":18,"column":21},"end":{"line":151,"column":1}},"1":{"start":{"line":19,"column":23},"end":{"line":24,"column":3}},"2":{"start":{"line":26,"column":28},"end":{"line":26,"column":68}},"3":{"start":{"line":29,"column":21},"end":{"line":48,"column":3}},"4":{"start":{"line":30,"column":19},"end":{"line":34,"column":5}},"5":{"start":{"line":36,"column":4},"end":{"line":47,"column":5}},"6":{"start":{"line":37,"column":18},"end":{"line":37,"column":68}},"7":{"start":{"line":38,"column":6},"end":{"line":41,"column":9}},"8":{"start":{"line":43,"column":6},"end":{"line":46,"column":9}},"9":{"start":{"line":51,"column":22},"end":{"line":64,"column":3}},"10":{"start":{"line":52,"column":4},"end":{"line":63,"column":5}},"11":{"start":{"line":53,"column":18},"end":{"line":53,"column":50}},"12":{"start":{"line":54,"column":6},"end":{"line":57,"column":9}},"13":{"start":{"line":59,"column":6},"end":{"line":62,"column":9}},"14":{"start":{"line":67,"column":24},"end":{"line":80,"column":3}},"15":{"start":{"line":68,"column":4},"end":{"line":79,"column":5}},"16":{"start":{"line":69,"column":6},"end":{"line":69,"column":48}},"17":{"start":{"line":70,"column":6},"end":{"line":73,"column":9}},"18":{"start":{"line":75,"column":6},"end":{"line":78,"column":9}},"19":{"start":{"line":83,"column":24},"end":{"line":106,"column":3}},"20":{"start":{"line":84,"column":19},"end":{"line":88,"column":5}},"21":{"start":{"line":90,"column":4},"end":{"line":105,"column":5}},"22":{"start":{"line":91,"column":18},"end":{"line":95,"column":7}},"23":{"start":{"line":96,"column":6},"end":{"line":99,"column":9}},"24":{"start":{"line":101,"column":6},"end":{"line":104,"column":9}},"25":{"start":{"line":108,"column":24},"end":{"line":108,"column":64}},"26":{"start":{"line":108,"column":30},"end":{"line":108,"column":64}},"27":{"start":{"line":111,"column":21},"end":{"line":113,"column":3}},"28":{"start":{"line":112,"column":4},"end":{"line":112,"column":54}},"29":{"start":{"line":116,"column":23},"end":{"line":118,"column":3}},"30":{"start":{"line":117,"column":4},"end":{"line":117,"column":38}},"31":{"start":{"line":121,"column":25},"end":{"line":123,"column":3}},"32":{"start":{"line":122,"column":4},"end":{"line":122,"column":55}},"33":{"start":{"line":126,"column":22},"end":{"line":128,"column":3}},"34":{"start":{"line":127,"column":4},"end":{"line":127,"column":37}},"35":{"start":{"line":130,"column":2},"end":{"line":150,"column":4}}},"fnMap":{"0":{"name":"(anonymous_0)","decl":{"start":{"line":18,"column":21},"end":{"line":18,"column":22}},"loc":{"start":{"line":18,"column":30},"end":{"line":151,"column":1}},"line":18},"1":{"name":"(anonymous_1)","decl":{"start":{"line":29,"column":21},"end":{"line":29,"column":22}},"loc":{"start":{"line":29,"column":38},"end":{"line":48,"column":3}},"line":29},"2":{"name":"(anonymous_2)","decl":{"start":{"line":51,"column":22},"end":{"line":51,"column":23}},"loc":{"start":{"line":51,"column":34},"end":{"line":64,"column":3}},"line":51},"3":{"name":"(anonymous_3)","decl":{"start":{"line":67,"column":24},"end":{"line":67,"column":25}},"loc":{"start":{"line":67,"column":36},"end":{"line":80,"column":3}},"line":67},"4":{"name":"(anonymous_4)","decl":{"start":{"line":83,"column":24},"end":{"line":83,"column":25}},"loc":{"start":{"line":83,"column":41},"end":{"line":106,"column":3}},"line":83},"5":{"name":"(anonymous_5)","decl":{"start":{"line":108,"column":24},"end":{"line":108,"column":25}},"loc":{"start":{"line":108,"column":30},"end":{"line":108,"column":64}},"line":108},"6":{"name":"(anonymous_6)","decl":{"start":{"line":111,"column":21},"end":{"line":111,"column":22}},"loc":{"start":{"line":111,"column":32},"end":{"line":113,"column":3}},"line":111},"7":{"name":"(anonymous_7)","decl":{"start":{"line":116,"column":23},"end":{"line":116,"column":24}},"loc":{"start":{"line":116,"column":29},"end":{"line":118,"column":3}},"line":116},"8":{"name":"(anonymous_8)","decl":{"start":{"line":121,"column":25},"end":{"line":121,"column":26}},"loc":{"start":{"line":121,"column":33},"end":{"line":123,"column":3}},"line":121},"9":{"name":"(anonymous_9)","decl":{"start":{"line":126,"column":22},"end":{"line":126,"column":23}},"loc":{"start":{"line":126,"column":28},"end":{"line":128,"column":3}},"line":126}},"branchMap":{},"s":{"0":0,"1":0,"2":0,"3":0,"4":0,"5":0,"6":0,"7":0,"8":0,"9":0,"10":0,"11":0,"12":0,"13":0,"14":0,"15":0,"16":0,"17":0,"18":0,"19":0,"20":0,"21":0,"22":0,"23":0,"24":0,"25":0,"26":0,"27":0,"28":0,"29":0,"30":0,"31":0,"32":0,"33":0,"34":0,"35":0},"f":{"0":0,"1":0,"2":0,"3":0,"4":0,"5":0,"6":0,"7":0,"8":0,"9":0},"b":{}},"/Users/raviranjan/Documents/agents/react-i18next/example/react/src/providers/Header.js":{"path":"/Users/raviranjan/Documents/agents/react-i18next/example/react/src/providers/Header.js","statementMap":{"0":{"start":{"line":7,"column":15},"end":{"line":11,"column":1}},"1":{"start":{"line":8,"column":2},"end":{"line":10,"column":14}},"2":{"start":{"line":13,"column":18},"end":{"line":21,"column":1}},"3":{"start":{"line":16,"column":20},"end":{"line":16,"column":35}},"4":{"start":{"line":17,"column":31},"end":{"line":17,"column":47}}},"fnMap":{"0":{"name":"(anonymous_0)","decl":{"start":{"line":7,"column":15},"end":{"line":7,"column":16}},"loc":{"start":{"line":8,"column":2},"end":{"line":10,"column":14}},"line":8},"1":{"name":"(anonymous_1)","decl":{"start":{"line":16,"column":11},"end":{"line":16,"column":12}},"loc":{"start":{"line":16,"column":20},"end":{"line":16,"column":35}},"line":16},"2":{"name":"(anonymous_2)","decl":{"start":{"line":17,"column":22},"end":{"line":17,"column":23}},"loc":{"start":{"line":17,"column":31},"end":{"line":17,"column":47}},"line":17}},"branchMap":{},"s":{"0":0,"1":0,"2":0,"3":0,"4":0},"f":{"0":0,"1":0,"2":0},"b":{}},"/Users/raviranjan/Documents/agents/react-i18next/example/react/src/providers/createThemeProvider.js":{"path":"/Users/raviranjan/Documents/agents/react-i18next/example/react/src/providers/createThemeProvider.js","statementMap":{"0":{"start":{"line":12,"column":2},"end":{"line":24,"column":4}},"1":{"start":{"line":13,"column":26},"end":{"line":15,"column":5}},"2":{"start":{"line":18,"column":6},"end":{"line":22,"column":8}}},"fnMap":{"0":{"name":"createThemeProvider","decl":{"start":{"line":8,"column":9},"end":{"line":8,"column":28}},"loc":{"start":{"line":11,"column":24},"end":{"line":25,"column":1}},"line":11},"1":{"name":"(anonymous_1)","decl":{"start":{"line":17,"column":4},"end":{"line":17,"column":5}},"loc":{"start":{"line":17,"column":13},"end":{"line":23,"column":5}},"line":17}},"branchMap":{},"s":{"0":0,"1":0,"2":0},"f":{"0":0,"1":0},"b":{}},"/Users/raviranjan/Documents/agents/react-i18next/example/react/src/providers/ThemeChanger.js":{"path":"/Users/raviranjan/Documents/agents/react-i18next/example/react/src/providers/ThemeChanger.js","statementMap":{"0":{"start":{"line":5,"column":21},"end":{"line":16,"column":1}},"1":{"start":{"line":6,"column":2},"end":{"line":15,"column":14}},"2":{"start":{"line":8,"column":27},"end":{"line":8,"column":56}},"3":{"start":{"line":10,"column":8},"end":{"line":12,"column":17}},"4":{"start":{"line":18,"column":18},"end":{"line":25,"column":1}},"5":{"start":{"line":21,"column":20},"end":{"line":21,"column":35}},"6":{"start":{"line":22,"column":31},"end":{"line":22,"column":47}}},"fnMap":{"0":{"name":"(anonymous_0)","decl":{"start":{"line":5,"column":21},"end":{"line":5,"column":22}},"loc":{"start":{"line":6,"column":2},"end":{"line":15,"column":14}},"line":6},"1":{"name":"(anonymous_1)","decl":{"start":{"line":8,"column":22},"end":{"line":8,"column":23}},"loc":{"start":{"line":8,"column":27},"end":{"line":8,"column":56}},"line":8},"2":{"name":"(anonymous_2)","decl":{"start":{"line":9,"column":18},"end":{"line":9,"column":19}},"loc":{"start":{"line":10,"column":8},"end":{"line":12,"column":17}},"line":10},"3":{"name":"(anonymous_3)","decl":{"start":{"line":21,"column":11},"end":{"line":21,"column":12}},"loc":{"start":{"line":21,"column":20},"end":{"line":21,"column":35}},"line":21},"4":{"name":"(anonymous_4)","decl":{"start":{"line":22,"column":22},"end":{"line":22,"column":23}},"loc":{"start":{"line":22,"column":31},"end":{"line":22,"column":47}},"line":22}},"branchMap":{},"s":{"0":0,"1":0,"2":0,"3":0,"4":0,"5":0,"6":0},"f":{"0":0,"1":0,"2":0,"3":0,"4":0},"b":{}},"/Users/raviranjan/Documents/agents/react-i18next/example/react/src/providers/index_1.js":{"path":"/Users/raviranjan/Documents/agents/react-i18next/example/react/src/providers/index_1.js","statementMap":{"0":{"start":{"line":6,"column":0},"end":{"line":6,"column":58}}},"fnMap":{},"branchMap":{},"s":{"0":0},"f":{},"b":{}},"/Users/raviranjan/Documents/agents/react-i18next/example/react/src/providers/theming.js":{"path":"/Users/raviranjan/Documents/agents/react-i18next/example/react/src/providers/theming.js","statementMap":{"0":{"start":{"line":11,"column":48},"end":{"line":26,"column":1}},"1":{"start":{"line":28,"column":57},"end":{"line":30,"column":1}}},"fnMap":{},"branchMap":{},"s":{"0":0,"1":0},"f":{},"b":{}},"/Users/raviranjan/Documents/agents/react-i18next/example/react/src/providers/ThemeContext.js":{"path":"/Users/raviranjan/Documents/agents/react-i18next/example/react/src/providers/ThemeContext.js","statementMap":{"0":{"start":{"line":3,"column":28},"end":{"line":3,"column":43}},"1":{"start":{"line":5,"column":29},"end":{"line":17,"column":1}},"2":{"start":{"line":6,"column":28},"end":{"line":6,"column":45}},"3":{"start":{"line":8,"column":22},"end":{"line":10,"column":3}},"4":{"start":{"line":9,"column":4},"end":{"line":9,"column":72}},"5":{"start":{"line":9,"column":29},"end":{"line":9,"column":69}},"6":{"start":{"line":12,"column":2},"end":{"line":16,"column":4}}},"fnMap":{"0":{"name":"(anonymous_0)","decl":{"start":{"line":5,"column":29},"end":{"line":5,"column":30}},"loc":{"start":{"line":5,"column":47},"end":{"line":17,"column":1}},"line":5},"1":{"name":"(anonymous_1)","decl":{"start":{"line":8,"column":22},"end":{"line":8,"column":23}},"loc":{"start":{"line":8,"column":28},"end":{"line":10,"column":3}},"line":8},"2":{"name":"(anonymous_2)","decl":{"start":{"line":9,"column":13},"end":{"line":9,"column":14}},"loc":{"start":{"line":9,"column":29},"end":{"line":9,"column":69}},"line":9}},"branchMap":{"0":{"loc":{"start":{"line":9,"column":29},"end":{"line":9,"column":69}},"type":"cond-expr","locations":[{"start":{"line":9,"column":53},"end":{"line":9,"column":59}},{"start":{"line":9,"column":62},"end":{"line":9,"column":69}}],"line":9}},"s":{"0":0,"1":0,"2":0,"3":0,"4":0,"5":0,"6":0},"f":{"0":0,"1":0,"2":0},"b":{"0":[0,0]}},"/Users/raviranjan/Documents/agents/react-i18next/example/react/src/utils/setAuthToken.js":{"path":"/Users/raviranjan/Documents/agents/react-i18next/example/react/src/utils/setAuthToken.js","statementMap":{"0":{"start":{"line":3,"column":21},"end":{"line":9,"column":1}},"1":{"start":{"line":4,"column":2},"end":{"line":8,"column":3}},"2":{"start":{"line":5,"column":4},"end":{"line":5,"column":58}},"3":{"start":{"line":7,"column":4},"end":{"line":7,"column":57}}},"fnMap":{"0":{"name":"(anonymous_0)","decl":{"start":{"line":3,"column":21},"end":{"line":3,"column":22}},"loc":{"start":{"line":3,"column":30},"end":{"line":9,"column":1}},"line":3}},"branchMap":{"0":{"loc":{"start":{"line":4,"column":2},"end":{"line":8,"column":3}},"type":"if","locations":[{"start":{"line":4,"column":2},"end":{"line":8,"column":3}},{"start":{"line":6,"column":9},"end":{"line":8,"column":3}}],"line":4}},"s":{"0":0,"1":0,"2":0,"3":0},"f":{"0":0},"b":{"0":[0,0]}},"/Users/raviranjan/Documents/agents/react-i18next/example/react/src/index.js":{"path":"/Users/raviranjan/Documents/agents/react-i18next/example/react/src/index.js","statementMap":{"0":{"start":{"line":5,"column":0},"end":{"line":10,"column":2}}},"fnMap":{},"branchMap":{},"s":{"0":0},"f":{},"b":{}},"/Users/raviranjan/Documents/agents/react-i18next/example/react/src/context/auth/AuthState.js":{"path":"/Users/raviranjan/Documents/agents/react-i18next/example/react/src/context/auth/AuthState.js","statementMap":{"0":{"start":{"line":17,"column":18},"end":{"line":122,"column":1}},"1":{"start":{"line":18,"column":23},"end":{"line":24,"column":3}},"2":{"start":{"line":26,"column":28},"end":{"line":26,"column":65}},"3":{"start":{"line":29,"column":19},"end":{"line":46,"column":3}},"4":{"start":{"line":30,"column":4},"end":{"line":32,"column":5}},"5":{"start":{"line":31,"column":6},"end":{"line":31,"column":39}},"6":{"start":{"line":34,"column":4},"end":{"line":45,"column":5}},"7":{"start":{"line":35,"column":18},"end":{"line":35,"column":46}},"8":{"start":{"line":37,"column":6},"end":{"line":40,"column":9}},"9":{"start":{"line":42,"column":6},"end":{"line":44,"column":9}},"10":{"start":{"line":49,"column":19},"end":{"line":71,"column":3}},"11":{"start":{"line":50,"column":19},"end":{"line":54,"column":5}},"12":{"start":{"line":56,"column":4},"end":{"line":70,"column":5}},"13":{"start":{"line":57,"column":18},"end":{"line":57,"column":66}},"14":{"start":{"line":59,"column":6},"end":{"line":62,"column":9}},"15":{"start":{"line":64,"column":6},"end":{"line":64,"column":17}},"16":{"start":{"line":66,"column":6},"end":{"line":69,"column":9}},"17":{"start":{"line":74,"column":16},"end":{"line":96,"column":3}},"18":{"start":{"line":75,"column":19},"end":{"line":79,"column":5}},"19":{"start":{"line":81,"column":4},"end":{"line":95,"column":5}},"20":{"start":{"line":82,"column":18},"end":{"line":82,"column":65}},"21":{"start":{"line":84,"column":6},"end":{"line":87,"column":9}},"22":{"start":{"line":89,"column":6},"end":{"line":89,"column":17}},"23":{"start":{"line":91,"column":6},"end":{"line":94,"column":9}},"24":{"start":{"line":99,"column":17},"end":{"line":99,"column":49}},"25":{"start":{"line":99,"column":23},"end":{"line":99,"column":49}},"26":{"start":{"line":102,"column":22},"end":{"line":102,"column":60}},"27":{"start":{"line":102,"column":28},"end":{"line":102,"column":60}},"28":{"start":{"line":104,"column":2},"end":{"line":121,"column":4}}},"fnMap":{"0":{"name":"(anonymous_0)","decl":{"start":{"line":17,"column":18},"end":{"line":17,"column":19}},"loc":{"start":{"line":17,"column":27},"end":{"line":122,"column":1}},"line":17},"1":{"name":"(anonymous_1)","decl":{"start":{"line":29,"column":19},"end":{"line":29,"column":20}},"loc":{"start":{"line":29,"column":31},"end":{"line":46,"column":3}},"line":29},"2":{"name":"(anonymous_2)","decl":{"start":{"line":49,"column":19},"end":{"line":49,"column":20}},"loc":{"start":{"line":49,"column":37},"end":{"line":71,"column":3}},"line":49},"3":{"name":"(anonymous_3)","decl":{"start":{"line":74,"column":16},"end":{"line":74,"column":17}},"loc":{"start":{"line":74,"column":34},"end":{"line":96,"column":3}},"line":74},"4":{"name":"(anonymous_4)","decl":{"start":{"line":99,"column":17},"end":{"line":99,"column":18}},"loc":{"start":{"line":99,"column":23},"end":{"line":99,"column":49}},"line":99},"5":{"name":"(anonymous_5)","decl":{"start":{"line":102,"column":22},"end":{"line":102,"column":23}},"loc":{"start":{"line":102,"column":28},"end":{"line":102,"column":60}},"line":102}},"branchMap":{"0":{"loc":{"start":{"line":30,"column":4},"end":{"line":32,"column":5}},"type":"if","locations":[{"start":{"line":30,"column":4},"end":{"line":32,"column":5}},{"start":{},"end":{}}],"line":30}},"s":{"0":0,"1":0,"2":0,"3":0,"4":0,"5":0,"6":0,"7":0,"8":0,"9":0,"10":0,"11":0,"12":0,"13":0,"14":0,"15":0,"16":0,"17":0,"18":0,"19":0,"20":0,"21":0,"22":0,"23":0,"24":0,"25":0,"26":0,"27":0,"28":0},"f":{"0":0,"1":0,"2":0,"3":0,"4":0,"5":0},"b":{"0":[0,0]}},"/Users/raviranjan/Documents/agents/react-i18next/example/react/src/providers/Home.js":{"path":"/Users/raviranjan/Documents/agents/react-i18next/example/react/src/providers/Home.js","statementMap":{"0":{"start":{"line":4,"column":20},"end":{"line":13,"column":1}},"1":{"start":{"line":5,"column":33},"end":{"line":5,"column":57}},"2":{"start":{"line":6,"column":2},"end":{"line":12,"column":4}}},"fnMap":{"0":{"name":"(anonymous_0)","decl":{"start":{"line":4,"column":20},"end":{"line":4,"column":21}},"loc":{"start":{"line":4,"column":26},"end":{"line":13,"column":1}},"line":4}},"branchMap":{},"s":{"0":0,"1":0,"2":0},"f":{"0":0},"b":{}},"/Users/raviranjan/Documents/agents/react-i18next/example/react/src/components/layout/Spinner.js":{"path":"/Users/raviranjan/Documents/agents/react-i18next/example/react/src/components/layout/Spinner.js","statementMap":{"0":{"start":{"line":4,"column":16},"end":{"line":12,"column":1}},"1":{"start":{"line":5,"column":2},"end":{"line":11,"column":5}}},"fnMap":{"0":{"name":"(anonymous_0)","decl":{"start":{"line":4,"column":16},"end":{"line":4,"column":17}},"loc":{"start":{"line":5,"column":2},"end":{"line":11,"column":5}},"line":5}},"branchMap":{},"s":{"0":0,"1":0},"f":{"0":0},"b":{}},"/Users/raviranjan/Documents/agents/react-i18next/example/react/src/components/layout/Alerts.js":{"path":"/Users/raviranjan/Documents/agents/react-i18next/example/react/src/components/layout/Alerts.js","statementMap":{"0":{"start":{"line":4,"column":15},"end":{"line":15,"column":1}},"1":{"start":{"line":5,"column":23},"end":{"line":5,"column":47}},"2":{"start":{"line":7,"column":2},"end":{"line":14,"column":4}},"3":{"start":{"line":10,"column":6},"end":{"line":12,"column":12}}},"fnMap":{"0":{"name":"(anonymous_0)","decl":{"start":{"line":4,"column":15},"end":{"line":4,"column":16}},"loc":{"start":{"line":4,"column":21},"end":{"line":15,"column":1}},"line":4},"1":{"name":"(anonymous_1)","decl":{"start":{"line":9,"column":28},"end":{"line":9,"column":29}},"loc":{"start":{"line":10,"column":6},"end":{"line":12,"column":12}},"line":10}},"branchMap":{"0":{"loc":{"start":{"line":8,"column":4},"end":{"line":13,"column":6}},"type":"binary-expr","locations":[{"start":{"line":8,"column":4},"end":{"line":8,"column":34}},{"start":{"line":9,"column":4},"end":{"line":13,"column":6}}],"line":8}},"s":{"0":0,"1":0,"2":0,"3":0},"f":{"0":0,"1":0},"b":{"0":[0,0]}},"/Users/raviranjan/Documents/agents/react-i18next/example/react/src/components/contacts/Contacts.js":{"path":"/Users/raviranjan/Documents/agents/react-i18next/example/react/src/components/contacts/Contacts.js","statementMap":{"0":{"start":{"line":7,"column":17},"end":{"line":50,"column":1}},"1":{"start":{"line":8,"column":25},"end":{"line":8,"column":51}},"2":{"start":{"line":10,"column":55},"end":{"line":10,"column":69}},"3":{"start":{"line":12,"column":2},"end":{"line":15,"column":9}},"4":{"start":{"line":13,"column":4},"end":{"line":13,"column":18}},"5":{"start":{"line":17,"column":2},"end":{"line":19,"column":3}},"6":{"start":{"line":18,"column":4},"end":{"line":18,"column":74}},"7":{"start":{"line":21,"column":2},"end":{"line":49,"column":4}},"8":{"start":{"line":27,"column":16},"end":{"line":33,"column":32}},"9":{"start":{"line":36,"column":16},"end":{"line":42,"column":32}}},"fnMap":{"0":{"name":"(anonymous_0)","decl":{"start":{"line":7,"column":17},"end":{"line":7,"column":18}},"loc":{"start":{"line":7,"column":23},"end":{"line":50,"column":1}},"line":7},"1":{"name":"(anonymous_1)","decl":{"start":{"line":12,"column":12},"end":{"line":12,"column":13}},"loc":{"start":{"line":12,"column":18},"end":{"line":15,"column":3}},"line":12},"2":{"name":"(anonymous_2)","decl":{"start":{"line":26,"column":27},"end":{"line":26,"column":28}},"loc":{"start":{"line":27,"column":16},"end":{"line":33,"column":32}},"line":27},"3":{"name":"(anonymous_3)","decl":{"start":{"line":35,"column":27},"end":{"line":35,"column":28}},"loc":{"start":{"line":36,"column":16},"end":{"line":42,"column":32}},"line":36}},"branchMap":{"0":{"loc":{"start":{"line":17,"column":2},"end":{"line":19,"column":3}},"type":"if","locations":[{"start":{"line":17,"column":2},"end":{"line":19,"column":3}},{"start":{},"end":{}}],"line":17},"1":{"loc":{"start":{"line":17,"column":6},"end":{"line":17,"column":60}},"type":"binary-expr","locations":[{"start":{"line":17,"column":6},"end":{"line":17,"column":23}},{"start":{"line":17,"column":27},"end":{"line":17,"column":48}},{"start":{"line":17,"column":52},"end":{"line":17,"column":60}}],"line":17},"2":{"loc":{"start":{"line":23,"column":7},"end":{"line":47,"column":7}},"type":"cond-expr","locations":[{"start":{"line":24,"column":8},"end":{"line":44,"column":26}},{"start":{"line":46,"column":8},"end":{"line":46,"column":19}}],"line":23},"3":{"loc":{"start":{"line":23,"column":7},"end":{"line":23,"column":36}},"type":"binary-expr","locations":[{"start":{"line":23,"column":7},"end":{"line":23,"column":24}},{"start":{"line":23,"column":28},"end":{"line":23,"column":36}}],"line":23},"4":{"loc":{"start":{"line":25,"column":11},"end":{"line":43,"column":16}},"type":"cond-expr","locations":[{"start":{"line":26,"column":14},"end":{"line":34,"column":16}},{"start":{"line":35,"column":14},"end":{"line":43,"column":16}}],"line":25}},"s":{"0":0,"1":0,"2":0,"3":0,"4":0,"5":0,"6":0,"7":0,"8":0,"9":0},"f":{"0":0,"1":0,"2":0,"3":0},"b":{"0":[0,0],"1":[0,0,0],"2":[0,0],"3":[0,0],"4":[0,0]}},"/Users/raviranjan/Documents/agents/react-i18next/example/react/src/providers/createWithTheme.js":{"path":"/Users/raviranjan/Documents/agents/react-i18next/example/react/src/providers/createWithTheme.js","statementMap":{"0":{"start":{"line":15,"column":24},"end":{"line":63,"column":3}},"1":{"start":{"line":19,"column":2},"end":{"line":63,"column":3}},"2":{"start":{"line":23,"column":15},"end":{"line":35,"column":7}},"3":{"start":{"line":24,"column":25},"end":{"line":24,"column":39}},"4":{"start":{"line":26,"column":8},"end":{"line":28,"column":9}},"5":{"start":{"line":27,"column":10},"end":{"line":27,"column":33}},"6":{"start":{"line":30,"column":23},"end":{"line":30,"column":67}},"7":{"start":{"line":32,"column":8},"end":{"line":32,"column":42}},"8":{"start":{"line":34,"column":8},"end":{"line":34,"column":22}},"9":{"start":{"line":38,"column":61},"end":{"line":38,"column":71}},"10":{"start":{"line":40,"column":8},"end":{"line":50,"column":10}},"11":{"start":{"line":43,"column":14},"end":{"line":47,"column":16}},"12":{"start":{"line":54,"column":28},"end":{"line":56,"column":6}},"13":{"start":{"line":55,"column":6},"end":{"line":55,"column":74}},"14":{"start":{"line":58,"column":4},"end":{"line":58,"column":80}},"15":{"start":{"line":60,"column":4},"end":{"line":60,"column":48}},"16":{"start":{"line":62,"column":4},"end":{"line":62,"column":34}}},"fnMap":{"0":{"name":"(anonymous_0)","decl":{"start":{"line":15,"column":24},"end":{"line":15,"column":25}},"loc":{"start":{"line":19,"column":2},"end":{"line":63,"column":3}},"line":19},"1":{"name":"withTheme","decl":{"start":{"line":19,"column":11},"end":{"line":19,"column":20}},"loc":{"start":{"line":19,"column":30},"end":{"line":63,"column":3}},"line":19},"2":{"name":"(anonymous_2)","decl":{"start":{"line":23,"column":15},"end":{"line":23,"column":16}},"loc":{"start":{"line":23,"column":32},"end":{"line":35,"column":7}},"line":23},"3":{"name":"(anonymous_3)","decl":{"start":{"line":37,"column":6},"end":{"line":37,"column":7}},"loc":{"start":{"line":37,"column":15},"end":{"line":51,"column":7}},"line":37},"4":{"name":"(anonymous_4)","decl":{"start":{"line":42,"column":13},"end":{"line":42,"column":14}},"loc":{"start":{"line":43,"column":14},"end":{"line":47,"column":16}},"line":43},"5":{"name":"(anonymous_5)","decl":{"start":{"line":54,"column":45},"end":{"line":54,"column":46}},"loc":{"start":{"line":55,"column":6},"end":{"line":55,"column":74}},"line":55}},"branchMap":{"0":{"loc":{"start":{"line":26,"column":8},"end":{"line":28,"column":9}},"type":"if","locations":[{"start":{"line":26,"column":8},"end":{"line":28,"column":9}},{"start":{},"end":{}}],"line":26},"1":{"loc":{"start":{"line":26,"column":12},"end":{"line":26,"column":60}},"type":"binary-expr","locations":[{"start":{"line":26,"column":12},"end":{"line":26,"column":20}},{"start":{"line":26,"column":24},"end":{"line":26,"column":40}},{"start":{"line":26,"column":44},"end":{"line":26,"column":60}}],"line":26},"2":{"loc":{"start":{"line":30,"column":23},"end":{"line":30,"column":67}},"type":"cond-expr","locations":[{"start":{"line":30,"column":43},"end":{"line":30,"column":58}},{"start":{"line":30,"column":61},"end":{"line":30,"column":67}}],"line":30},"3":{"loc":{"start":{"line":30,"column":23},"end":{"line":30,"column":40}},"type":"binary-expr","locations":[{"start":{"line":30,"column":23},"end":{"line":30,"column":24}},{"start":{"line":30,"column":28},"end":{"line":30,"column":29}},{"start":{"line":30,"column":33},"end":{"line":30,"column":40}}],"line":30},"4":{"loc":{"start":{"line":30,"column":61},"end":{"line":30,"column":67}},"type":"binary-expr","locations":[{"start":{"line":30,"column":61},"end":{"line":30,"column":62}},{"start":{"line":30,"column":66},"end":{"line":30,"column":67}}],"line":30},"5":{"loc":{"start":{"line":58,"column":47},"end":{"line":58,"column":76}},"type":"binary-expr","locations":[{"start":{"line":58,"column":47},"end":{"line":58,"column":63}},{"start":{"line":58,"column":67},"end":{"line":58,"column":76}}],"line":58}},"s":{"0":0,"1":0,"2":0,"3":0,"4":0,"5":0,"6":0,"7":0,"8":0,"9":0,"10":0,"11":0,"12":0,"13":0,"14":0,"15":0,"16":0},"f":{"0":0,"1":0,"2":0,"3":0,"4":0,"5":0},"b":{"0":[0,0],"1":[0,0,0],"2":[0,0],"3":[0,0,0],"4":[0,0],"5":[0,0]}},"/Users/raviranjan/Documents/agents/react-i18next/example/react/src/components/pages/About.js":{"path":"/Users/raviranjan/Documents/agents/react-i18next/example/react/src/components/pages/About.js","statementMap":{"0":{"start":{"line":3,"column":14},"end":{"line":19,"column":1}},"1":{"start":{"line":4,"column":2},"end":{"line":18,"column":4}}},"fnMap":{"0":{"name":"(anonymous_0)","decl":{"start":{"line":3,"column":14},"end":{"line":3,"column":15}},"loc":{"start":{"line":3,"column":20},"end":{"line":19,"column":1}},"line":3}},"branchMap":{},"s":{"0":0,"1":0},"f":{"0":0},"b":{}},"/Users/raviranjan/Documents/agents/react-i18next/example/react/src/components/layout/Navbar.js":{"path":"/Users/raviranjan/Documents/agents/react-i18next/example/react/src/components/layout/Navbar.js","statementMap":{"0":{"start":{"line":7,"column":15},"end":{"line":58,"column":1}},"1":{"start":{"line":8,"column":22},"end":{"line":8,"column":45}},"2":{"start":{"line":9,"column":25},"end":{"line":9,"column":51}},"3":{"start":{"line":11,"column":44},"end":{"line":11,"column":55}},"4":{"start":{"line":12,"column":28},"end":{"line":12,"column":42}},"5":{"start":{"line":14,"column":19},"end":{"line":17,"column":3}},"6":{"start":{"line":15,"column":4},"end":{"line":15,"column":13}},"7":{"start":{"line":16,"column":4},"end":{"line":16,"column":20}},"8":{"start":{"line":20,"column":4},"end":{"line":31,"column":7}},"9":{"start":{"line":35,"column":4},"end":{"line":45,"column":7}},"10":{"start":{"line":48,"column":2},"end":{"line":57,"column":4}},"11":{"start":{"line":60,"column":0},"end":{"line":63,"column":2}},"12":{"start":{"line":65,"column":0},"end":{"line":68,"column":2}}},"fnMap":{"0":{"name":"(anonymous_0)","decl":{"start":{"line":7,"column":15},"end":{"line":7,"column":16}},"loc":{"start":{"line":7,"column":36},"end":{"line":58,"column":1}},"line":7},"1":{"name":"(anonymous_1)","decl":{"start":{"line":14,"column":19},"end":{"line":14,"column":20}},"loc":{"start":{"line":14,"column":25},"end":{"line":17,"column":3}},"line":14}},"branchMap":{"0":{"loc":{"start":{"line":21,"column":16},"end":{"line":21,"column":33}},"type":"binary-expr","locations":[{"start":{"line":21,"column":16},"end":{"line":21,"column":20}},{"start":{"line":21,"column":24},"end":{"line":21,"column":33}}],"line":21},"1":{"loc":{"start":{"line":55,"column":11},"end":{"line":55,"column":51}},"type":"cond-expr","locations":[{"start":{"line":55,"column":29},"end":{"line":55,"column":38}},{"start":{"line":55,"column":41},"end":{"line":55,"column":51}}],"line":55}},"s":{"0":0,"1":0,"2":0,"3":0,"4":0,"5":0,"6":0,"7":0,"8":0,"9":0,"10":0,"11":0,"12":0},"f":{"0":0,"1":0},"b":{"0":[0,0],"1":[0,0]}},"/Users/raviranjan/Documents/agents/react-i18next/example/react/src/components/routing/PrivateRoute.js":{"path":"/Users/raviranjan/Documents/agents/react-i18next/example/react/src/components/routing/PrivateRoute.js","statementMap":{"0":{"start":{"line":5,"column":21},"end":{"line":22,"column":1}},"1":{"start":{"line":6,"column":22},"end":{"line":6,"column":45}},"2":{"start":{"line":8,"column":39},"end":{"line":8,"column":50}},"3":{"start":{"line":10,"column":2},"end":{"line":21,"column":4}},"4":{"start":{"line":14,"column":8},"end":{"line":18,"column":9}}},"fnMap":{"0":{"name":"(anonymous_0)","decl":{"start":{"line":5,"column":21},"end":{"line":5,"column":22}},"loc":{"start":{"line":5,"column":60},"end":{"line":22,"column":1}},"line":5},"1":{"name":"(anonymous_1)","decl":{"start":{"line":13,"column":14},"end":{"line":13,"column":15}},"loc":{"start":{"line":14,"column":8},"end":{"line":18,"column":9}},"line":14}},"branchMap":{"0":{"loc":{"start":{"line":14,"column":8},"end":{"line":18,"column":9}},"type":"cond-expr","locations":[{"start":{"line":15,"column":10},"end":{"line":15,"column":34}},{"start":{"line":17,"column":10},"end":{"line":17,"column":34}}],"line":14},"1":{"loc":{"start":{"line":14,"column":8},"end":{"line":14,"column":36}},"type":"binary-expr","locations":[{"start":{"line":14,"column":8},"end":{"line":14,"column":24}},{"start":{"line":14,"column":28},"end":{"line":14,"column":36}}],"line":14}},"s":{"0":0,"1":0,"2":0,"3":0,"4":0},"f":{"0":0,"1":0},"b":{"0":[0,0],"1":[0,0]}},"/Users/raviranjan/Documents/agents/react-i18next/example/react/src/components/contacts/ContactForm.js":{"path":"/Users/raviranjan/Documents/agents/react-i18next/example/react/src/components/contacts/ContactForm.js","statementMap":{"0":{"start":{"line":4,"column":20},"end":{"line":113,"column":1}},"1":{"start":{"line":5,"column":25},"end":{"line":5,"column":51}},"2":{"start":{"line":7,"column":63},"end":{"line":7,"column":77}},"3":{"start":{"line":9,"column":2},"end":{"line":20,"column":32}},"4":{"start":{"line":10,"column":4},"end":{"line":19,"column":5}},"5":{"start":{"line":11,"column":6},"end":{"line":11,"column":26}},"6":{"start":{"line":13,"column":6},"end":{"line":18,"column":9}},"7":{"start":{"line":22,"column":32},"end":{"line":27,"column":4}},"8":{"start":{"line":29,"column":39},"end":{"line":29,"column":46}},"9":{"start":{"line":31,"column":19},"end":{"line":32,"column":63}},"10":{"start":{"line":32,"column":4},"end":{"line":32,"column":63}},"11":{"start":{"line":34,"column":19},"end":{"line":42,"column":3}},"12":{"start":{"line":35,"column":4},"end":{"line":35,"column":23}},"13":{"start":{"line":36,"column":4},"end":{"line":40,"column":5}},"14":{"start":{"line":37,"column":6},"end":{"line":37,"column":26}},"15":{"start":{"line":39,"column":6},"end":{"line":39,"column":29}},"16":{"start":{"line":41,"column":4},"end":{"line":41,"column":15}},"17":{"start":{"line":44,"column":19},"end":{"line":46,"column":3}},"18":{"start":{"line":45,"column":4},"end":{"line":45,"column":19}},"19":{"start":{"line":48,"column":2},"end":{"line":112,"column":4}}},"fnMap":{"0":{"name":"(anonymous_0)","decl":{"start":{"line":4,"column":20},"end":{"line":4,"column":21}},"loc":{"start":{"line":4,"column":26},"end":{"line":113,"column":1}},"line":4},"1":{"name":"(anonymous_1)","decl":{"start":{"line":9,"column":12},"end":{"line":9,"column":13}},"loc":{"start":{"line":9,"column":18},"end":{"line":20,"column":3}},"line":9},"2":{"name":"(anonymous_2)","decl":{"start":{"line":31,"column":19},"end":{"line":31,"column":20}},"loc":{"start":{"line":32,"column":4},"end":{"line":32,"column":63}},"line":32},"3":{"name":"(anonymous_3)","decl":{"start":{"line":34,"column":19},"end":{"line":34,"column":20}},"loc":{"start":{"line":34,"column":24},"end":{"line":42,"column":3}},"line":34},"4":{"name":"(anonymous_4)","decl":{"start":{"line":44,"column":19},"end":{"line":44,"column":20}},"loc":{"start":{"line":44,"column":25},"end":{"line":46,"column":3}},"line":44}},"branchMap":{"0":{"loc":{"start":{"line":10,"column":4},"end":{"line":19,"column":5}},"type":"if","locations":[{"start":{"line":10,"column":4},"end":{"line":19,"column":5}},{"start":{"line":12,"column":11},"end":{"line":19,"column":5}}],"line":10},"1":{"loc":{"start":{"line":36,"column":4},"end":{"line":40,"column":5}},"type":"if","locations":[{"start":{"line":36,"column":4},"end":{"line":40,"column":5}},{"start":{"line":38,"column":11},"end":{"line":40,"column":5}}],"line":36},"2":{"loc":{"start":{"line":51,"column":9},"end":{"line":51,"column":61}},"type":"cond-expr","locations":[{"start":{"line":51,"column":28},"end":{"line":51,"column":43}},{"start":{"line":51,"column":46},"end":{"line":51,"column":61}}],"line":51},"3":{"loc":{"start":{"line":95,"column":17},"end":{"line":95,"column":69}},"type":"cond-expr","locations":[{"start":{"line":95,"column":36},"end":{"line":95,"column":51}},{"start":{"line":95,"column":54},"end":{"line":95,"column":69}}],"line":95},"4":{"loc":{"start":{"line":99,"column":7},"end":{"line":110,"column":7}},"type":"binary-expr","locations":[{"start":{"line":99,"column":7},"end":{"line":99,"column":14}},{"start":{"line":100,"column":8},"end":{"line":109,"column":17}}],"line":99}},"s":{"0":0,"1":0,"2":0,"3":0,"4":0,"5":0,"6":0,"7":0,"8":0,"9":0,"10":0,"11":0,"12":0,"13":0,"14":0,"15":0,"16":0,"17":0,"18":0,"19":0},"f":{"0":0,"1":0,"2":0,"3":0,"4":0},"b":{"0":[0,0],"1":[0,0],"2":[0,0],"3":[0,0],"4":[0,0]}},"/Users/raviranjan/Documents/agents/react-i18next/example/react/src/App.js":{"path":"/Users/raviranjan/Documents/agents/react-i18next/example/react/src/App.js","statementMap":{"0":{"start":{"line":16,"column":0},"end":{"line":18,"column":1}},"1":{"start":{"line":17,"column":2},"end":{"line":17,"column":35}},"2":{"start":{"line":20,"column":12},"end":{"line":43,"column":1}},"3":{"start":{"line":21,"column":2},"end":{"line":42,"column":4}}},"fnMap":{"0":{"name":"(anonymous_0)","decl":{"start":{"line":20,"column":12},"end":{"line":20,"column":13}},"loc":{"start":{"line":20,"column":18},"end":{"line":43,"column":1}},"line":20}},"branchMap":{"0":{"loc":{"start":{"line":16,"column":0},"end":{"line":18,"column":1}},"type":"if","locations":[{"start":{"line":16,"column":0},"end":{"line":18,"column":1}},{"start":{},"end":{}}],"line":16}},"s":{"0":0,"1":0,"2":0,"3":0},"f":{"0":0},"b":{"0":[0,0]}},"/Users/raviranjan/Documents/agents/react-i18next/example/react/src/components/pages/Home.js":{"path":"/Users/raviranjan/Documents/agents/react-i18next/example/react/src/components/pages/Home.js","statementMap":{"0":{"start":{"line":7,"column":13},"end":{"line":26,"column":1}},"1":{"start":{"line":8,"column":22},"end":{"line":8,"column":45}},"2":{"start":{"line":10,"column":2},"end":{"line":13,"column":9}},"3":{"start":{"line":11,"column":4},"end":{"line":11,"column":27}},"4":{"start":{"line":15,"column":2},"end":{"line":25,"column":4}}},"fnMap":{"0":{"name":"(anonymous_0)","decl":{"start":{"line":7,"column":13},"end":{"line":7,"column":14}},"loc":{"start":{"line":7,"column":19},"end":{"line":26,"column":1}},"line":7},"1":{"name":"(anonymous_1)","decl":{"start":{"line":10,"column":12},"end":{"line":10,"column":13}},"loc":{"start":{"line":10,"column":18},"end":{"line":13,"column":3}},"line":10}},"branchMap":{},"s":{"0":0,"1":0,"2":0,"3":0,"4":0},"f":{"0":0,"1":0},"b":{}},"/Users/raviranjan/Documents/agents/react-i18next/example/react/src/components/auth/Login.js":{"path":"/Users/raviranjan/Documents/agents/react-i18next/example/react/src/components/auth/Login.js","statementMap":{"0":{"start":{"line":5,"column":14},"end":{"line":82,"column":1}},"1":{"start":{"line":6,"column":23},"end":{"line":6,"column":47}},"2":{"start":{"line":7,"column":22},"end":{"line":7,"column":45}},"3":{"start":{"line":9,"column":23},"end":{"line":9,"column":35}},"4":{"start":{"line":10,"column":57},"end":{"line":10,"column":68}},"5":{"start":{"line":12,"column":2},"end":{"line":21,"column":46}},"6":{"start":{"line":13,"column":4},"end":{"line":15,"column":5}},"7":{"start":{"line":14,"column":6},"end":{"line":14,"column":30}},"8":{"start":{"line":16,"column":4},"end":{"line":19,"column":5}},"9":{"start":{"line":17,"column":6},"end":{"line":17,"column":32}},"10":{"start":{"line":18,"column":6},"end":{"line":18,"column":20}},"11":{"start":{"line":23,"column":26},"end":{"line":26,"column":4}},"12":{"start":{"line":28,"column":30},"end":{"line":28,"column":34}},"13":{"start":{"line":30,"column":19},"end":{"line":34,"column":6}},"14":{"start":{"line":31,"column":4},"end":{"line":34,"column":6}},"15":{"start":{"line":36,"column":19},"end":{"line":46,"column":3}},"16":{"start":{"line":37,"column":4},"end":{"line":37,"column":23}},"17":{"start":{"line":38,"column":4},"end":{"line":45,"column":5}},"18":{"start":{"line":39,"column":6},"end":{"line":39,"column":48}},"19":{"start":{"line":41,"column":6},"end":{"line":44,"column":9}},"20":{"start":{"line":48,"column":2},"end":{"line":81,"column":4}}},"fnMap":{"0":{"name":"(anonymous_0)","decl":{"start":{"line":5,"column":14},"end":{"line":5,"column":15}},"loc":{"start":{"line":5,"column":23},"end":{"line":82,"column":1}},"line":5},"1":{"name":"(anonymous_1)","decl":{"start":{"line":12,"column":12},"end":{"line":12,"column":13}},"loc":{"start":{"line":12,"column":18},"end":{"line":21,"column":3}},"line":12},"2":{"name":"(anonymous_2)","decl":{"start":{"line":30,"column":19},"end":{"line":30,"column":20}},"loc":{"start":{"line":31,"column":4},"end":{"line":34,"column":6}},"line":31},"3":{"name":"(anonymous_3)","decl":{"start":{"line":36,"column":19},"end":{"line":36,"column":20}},"loc":{"start":{"line":36,"column":24},"end":{"line":46,"column":3}},"line":36}},"branchMap":{"0":{"loc":{"start":{"line":13,"column":4},"end":{"line":15,"column":5}},"type":"if","locations":[{"start":{"line":13,"column":4},"end":{"line":15,"column":5}},{"start":{},"end":{}}],"line":13},"1":{"loc":{"start":{"line":16,"column":4},"end":{"line":19,"column":5}},"type":"if","locations":[{"start":{"line":16,"column":4},"end":{"line":19,"column":5}},{"start":{},"end":{}}],"line":16},"2":{"loc":{"start":{"line":38,"column":4},"end":{"line":45,"column":5}},"type":"if","locations":[{"start":{"line":38,"column":4},"end":{"line":45,"column":5}},{"start":{"line":40,"column":11},"end":{"line":45,"column":5}}],"line":38},"3":{"loc":{"start":{"line":38,"column":8},"end":{"line":38,"column":39}},"type":"binary-expr","locations":[{"start":{"line":38,"column":8},"end":{"line":38,"column":20}},{"start":{"line":38,"column":24},"end":{"line":38,"column":39}}],"line":38}},"s":{"0":0,"1":0,"2":0,"3":0,"4":0,"5":0,"6":0,"7":0,"8":0,"9":0,"10":0,"11":0,"12":0,"13":0,"14":0,"15":0,"16":0,"17":0,"18":0,"19":0,"20":0},"f":{"0":0,"1":0,"2":0,"3":0},"b":{"0":[0,0],"1":[0,0],"2":[0,0],"3":[0,0]}},"/Users/raviranjan/Documents/agents/react-i18next/example/react/src/components/auth/Register.js":{"path":"/Users/raviranjan/Documents/agents/react-i18next/example/react/src/components/auth/Register.js","statementMap":{"0":{"start":{"line":5,"column":17},"end":{"line":109,"column":1}},"1":{"start":{"line":6,"column":23},"end":{"line":6,"column":47}},"2":{"start":{"line":7,"column":22},"end":{"line":7,"column":45}},"3":{"start":{"line":9,"column":23},"end":{"line":9,"column":35}},"4":{"start":{"line":10,"column":60},"end":{"line":10,"column":71}},"5":{"start":{"line":12,"column":2},"end":{"line":21,"column":46}},"6":{"start":{"line":13,"column":4},"end":{"line":15,"column":5}},"7":{"start":{"line":14,"column":6},"end":{"line":14,"column":30}},"8":{"start":{"line":16,"column":4},"end":{"line":19,"column":5}},"9":{"start":{"line":17,"column":6},"end":{"line":17,"column":32}},"10":{"start":{"line":18,"column":6},"end":{"line":18,"column":20}},"11":{"start":{"line":23,"column":26},"end":{"line":28,"column":4}},"12":{"start":{"line":30,"column":47},"end":{"line":30,"column":51}},"13":{"start":{"line":32,"column":19},"end":{"line":36,"column":6}},"14":{"start":{"line":33,"column":4},"end":{"line":36,"column":6}},"15":{"start":{"line":38,"column":19},"end":{"line":51,"column":3}},"16":{"start":{"line":39,"column":4},"end":{"line":39,"column":23}},"17":{"start":{"line":40,"column":4},"end":{"line":50,"column":5}},"18":{"start":{"line":41,"column":6},"end":{"line":41,"column":48}},"19":{"start":{"line":42,"column":11},"end":{"line":50,"column":5}},"20":{"start":{"line":43,"column":6},"end":{"line":43,"column":49}},"21":{"start":{"line":45,"column":6},"end":{"line":49,"column":9}},"22":{"start":{"line":53,"column":2},"end":{"line":108,"column":4}}},"fnMap":{"0":{"name":"(anonymous_0)","decl":{"start":{"line":5,"column":17},"end":{"line":5,"column":18}},"loc":{"start":{"line":5,"column":26},"end":{"line":109,"column":1}},"line":5},"1":{"name":"(anonymous_1)","decl":{"start":{"line":12,"column":12},"end":{"line":12,"column":13}},"loc":{"start":{"line":12,"column":18},"end":{"line":21,"column":3}},"line":12},"2":{"name":"(anonymous_2)","decl":{"start":{"line":32,"column":19},"end":{"line":32,"column":20}},"loc":{"start":{"line":33,"column":4},"end":{"line":36,"column":6}},"line":33},"3":{"name":"(anonymous_3)","decl":{"start":{"line":38,"column":19},"end":{"line":38,"column":20}},"loc":{"start":{"line":38,"column":24},"end":{"line":51,"column":3}},"line":38}},"branchMap":{"0":{"loc":{"start":{"line":13,"column":4},"end":{"line":15,"column":5}},"type":"if","locations":[{"start":{"line":13,"column":4},"end":{"line":15,"column":5}},{"start":{},"end":{}}],"line":13},"1":{"loc":{"start":{"line":16,"column":4},"end":{"line":19,"column":5}},"type":"if","locations":[{"start":{"line":16,"column":4},"end":{"line":19,"column":5}},{"start":{},"end":{}}],"line":16},"2":{"loc":{"start":{"line":40,"column":4},"end":{"line":50,"column":5}},"type":"if","locations":[{"start":{"line":40,"column":4},"end":{"line":50,"column":5}},{"start":{"line":42,"column":11},"end":{"line":50,"column":5}}],"line":40},"3":{"loc":{"start":{"line":40,"column":8},"end":{"line":40,"column":54}},"type":"binary-expr","locations":[{"start":{"line":40,"column":8},"end":{"line":40,"column":19}},{"start":{"line":40,"column":23},"end":{"line":40,"column":35}},{"start":{"line":40,"column":39},"end":{"line":40,"column":54}}],"line":40},"4":{"loc":{"start":{"line":42,"column":11},"end":{"line":50,"column":5}},"type":"if","locations":[{"start":{"line":42,"column":11},"end":{"line":50,"column":5}},{"start":{"line":44,"column":11},"end":{"line":50,"column":5}}],"line":42}},"s":{"0":0,"1":0,"2":0,"3":0,"4":0,"5":0,"6":0,"7":0,"8":0,"9":0,"10":0,"11":0,"12":0,"13":0,"14":0,"15":0,"16":0,"17":0,"18":0,"19":0,"20":0,"21":0,"22":0},"f":{"0":0,"1":0,"2":0,"3":0},"b":{"0":[0,0],"1":[0,0],"2":[0,0],"3":[0,0,0],"4":[0,0]}}}}