{"numFailedTestSuites":1,"numFailedTests":2,"numPassedTestSuites":0,"numPassedTests":2,"numPendingTestSuites":0,"numPendingTests":0,"numRuntimeErrorTestSuites":0,"numTodoTests":0,"numTotalTestSuites":1,"numTotalTests":4,"openHandles":[],"snapshot":{"added":0,"didUpdate":false,"failure":false,"filesAdded":0,"filesRemoved":0,"filesRemovedList":[],"filesUnmatched":0,"filesUpdated":0,"matched":0,"total":0,"unchecked":0,"uncheckedKeysByFile":[],"unmatched":0,"updated":0},"startTime":1734604290513,"success":false,"testResults":[{"assertionResults":[{"ancestorTitles":["Application Entry Point"],"failureMessages":[],"fullName":"Application Entry Point should create root and render App component","location":null,"status":"passed","title":"should create root and render App component"},{"ancestorTitles":["Application Entry Point"],"failureMessages":["Error: expect(jest.fn()).toHaveBeenCalledWith(...expected)\n\nExpected: Symbol(react.strict_mode), {}, Any<Object>\n\nNumber of calls: 0\n    at Object.<anonymous> (/Users/raviranjan/Documents/agents/react-i18next/example/react/src/test/index.baserock.test.js:63:31)\n    at Promise.then.completed (/Users/raviranjan/Documents/agents/react-i18next/example/react/node_modules/jest-circus/build/utils.js:391:28)\n    at new Promise (<anonymous>)\n    at callAsyncCircusFn (/Users/raviranjan/Documents/agents/react-i18next/example/react/node_modules/jest-circus/build/utils.js:316:10)\n    at _callCircusTest (/Users/raviranjan/Documents/agents/react-i18next/example/react/node_modules/jest-circus/build/run.js:218:40)\n    at _runTest (/Users/raviranjan/Documents/agents/react-i18next/example/react/node_modules/jest-circus/build/run.js:155:3)\n    at _runTestsForDescribeBlock (/Users/raviranjan/Documents/agents/react-i18next/example/react/node_modules/jest-circus/build/run.js:66:9)\n    at _runTestsForDescribeBlock (/Users/raviranjan/Documents/agents/react-i18next/example/react/node_modules/jest-circus/build/run.js:60:9)\n    at run (/Users/raviranjan/Documents/agents/react-i18next/example/react/node_modules/jest-circus/build/run.js:25:3)\n    at runAndTransformResultsToJestFormat (/Users/raviranjan/Documents/agents/react-i18next/example/react/node_modules/jest-circus/build/legacy-code-todo-rewrite/jestAdapterInit.js:170:21)\n    at jestAdapter (/Users/raviranjan/Documents/agents/react-i18next/example/react/node_modules/jest-circus/build/legacy-code-todo-rewrite/jestAdapter.js:82:19)\n    at runTestInternal (/Users/raviranjan/Documents/agents/react-i18next/example/react/node_modules/jest-runner/build/runTest.js:389:16)\n    at runTest (/Users/raviranjan/Documents/agents/react-i18next/example/react/node_modules/jest-runner/build/runTest.js:475:34)\n    at TestRunner.runTests (/Users/raviranjan/Documents/agents/react-i18next/example/react/node_modules/jest-runner/build/index.js:101:12)\n    at TestScheduler.scheduleTests (/Users/raviranjan/Documents/agents/react-i18next/example/react/node_modules/@jest/core/build/TestScheduler.js:333:13)\n    at runJest (/Users/raviranjan/Documents/agents/react-i18next/example/react/node_modules/@jest/core/build/runJest.js:404:19)\n    at _run10000 (/Users/raviranjan/Documents/agents/react-i18next/example/react/node_modules/@jest/core/build/cli/index.js:320:7)\n    at runCLI (/Users/raviranjan/Documents/agents/react-i18next/example/react/node_modules/@jest/core/build/cli/index.js:173:3)\n    at Object.run (/Users/raviranjan/Documents/agents/react-i18next/example/react/node_modules/jest-cli/build/cli/index.js:155:37)"],"fullName":"Application Entry Point should render App component within StrictMode","location":null,"status":"failed","title":"should render App component within StrictMode"},{"ancestorTitles":["Application Entry Point"],"failureMessages":["Error: expect(jest.fn()).toHaveBeenCalledWith(...expected)\n\nExpected: StringContaining \"Cannot find element with id 'root'\"\n\nNumber of calls: 0\n    at Object.<anonymous> (/Users/raviranjan/Documents/agents/react-i18next/example/react/src/test/index.baserock.test.js:78:29)\n    at Promise.then.completed (/Users/raviranjan/Documents/agents/react-i18next/example/react/node_modules/jest-circus/build/utils.js:391:28)\n    at new Promise (<anonymous>)\n    at callAsyncCircusFn (/Users/raviranjan/Documents/agents/react-i18next/example/react/node_modules/jest-circus/build/utils.js:316:10)\n    at _callCircusTest (/Users/raviranjan/Documents/agents/react-i18next/example/react/node_modules/jest-circus/build/run.js:218:40)\n    at _runTest (/Users/raviranjan/Documents/agents/react-i18next/example/react/node_modules/jest-circus/build/run.js:155:3)\n    at _runTestsForDescribeBlock (/Users/raviranjan/Documents/agents/react-i18next/example/react/node_modules/jest-circus/build/run.js:66:9)\n    at _runTestsForDescribeBlock (/Users/raviranjan/Documents/agents/react-i18next/example/react/node_modules/jest-circus/build/run.js:60:9)\n    at run (/Users/raviranjan/Documents/agents/react-i18next/example/react/node_modules/jest-circus/build/run.js:25:3)\n    at runAndTransformResultsToJestFormat (/Users/raviranjan/Documents/agents/react-i18next/example/react/node_modules/jest-circus/build/legacy-code-todo-rewrite/jestAdapterInit.js:170:21)\n    at jestAdapter (/Users/raviranjan/Documents/agents/react-i18next/example/react/node_modules/jest-circus/build/legacy-code-todo-rewrite/jestAdapter.js:82:19)\n    at runTestInternal (/Users/raviranjan/Documents/agents/react-i18next/example/react/node_modules/jest-runner/build/runTest.js:389:16)\n    at runTest (/Users/raviranjan/Documents/agents/react-i18next/example/react/node_modules/jest-runner/build/runTest.js:475:34)\n    at TestRunner.runTests (/Users/raviranjan/Documents/agents/react-i18next/example/react/node_modules/jest-runner/build/index.js:101:12)\n    at TestScheduler.scheduleTests (/Users/raviranjan/Documents/agents/react-i18next/example/react/node_modules/@jest/core/build/TestScheduler.js:333:13)\n    at runJest (/Users/raviranjan/Documents/agents/react-i18next/example/react/node_modules/@jest/core/build/runJest.js:404:19)\n    at _run10000 (/Users/raviranjan/Documents/agents/react-i18next/example/react/node_modules/@jest/core/build/cli/index.js:320:7)\n    at runCLI (/Users/raviranjan/Documents/agents/react-i18next/example/react/node_modules/@jest/core/build/cli/index.js:173:3)\n    at Object.run (/Users/raviranjan/Documents/agents/react-i18next/example/react/node_modules/jest-cli/build/cli/index.js:155:37)"],"fullName":"Application Entry Point should handle missing root element gracefully","location":null,"status":"failed","title":"should handle missing root element gracefully"},{"ancestorTitles":["Application Entry Point"],"failureMessages":[],"fullName":"Application Entry Point should import necessary dependencies","location":null,"status":"passed","title":"should import necessary dependencies"}],"endTime":1734604290787,"message":"  ● Application Entry Point › should render App component within StrictMode\n\n    expect(jest.fn()).toHaveBeenCalledWith(...expected)\n\n    Expected: Symbol(react.strict_mode), {}, Any<Object>\n\n    Number of calls: 0\n\n      61 |     });\n      62 |\n    > 63 |     expect(mockCreateElement).toHaveBeenCalledWith(\n         |                               ^\n      64 |       React.StrictMode,\n      65 |       {},\n      66 |       expect.any(Object)\n\n      at Object.<anonymous> (src/test/index.baserock.test.js:63:31)\n      at TestScheduler.scheduleTests (node_modules/@jest/core/build/TestScheduler.js:333:13)\n      at runJest (node_modules/@jest/core/build/runJest.js:404:19)\n      at _run10000 (node_modules/@jest/core/build/cli/index.js:320:7)\n      at runCLI (node_modules/@jest/core/build/cli/index.js:173:3)\n\n  ● Application Entry Point › should handle missing root element gracefully\n\n    expect(jest.fn()).toHaveBeenCalledWith(...expected)\n\n    Expected: StringContaining \"Cannot find element with id 'root'\"\n\n    Number of calls: 0\n\n      76 |     });\n      77 |\n    > 78 |     expect(consoleErrorSpy).toHaveBeenCalledWith(\n         |                             ^\n      79 |       expect.stringContaining(\"Cannot find element with id 'root'\")\n      80 |     );\n      81 |   });\n\n      at Object.<anonymous> (src/test/index.baserock.test.js:78:29)\n      at TestScheduler.scheduleTests (node_modules/@jest/core/build/TestScheduler.js:333:13)\n      at runJest (node_modules/@jest/core/build/runJest.js:404:19)\n      at _run10000 (node_modules/@jest/core/build/cli/index.js:320:7)\n      at runCLI (node_modules/@jest/core/build/cli/index.js:173:3)\n","name":"/Users/raviranjan/Documents/agents/react-i18next/example/react/src/test/index.baserock.test.js","startTime":1734604290687,"status":"failed","summary":""}],"wasInterrupted":false,"coverageMap":{"/Users/raviranjan/Documents/agents/react-i18next/example/react/src/index.js":{"path":"/Users/raviranjan/Documents/agents/react-i18next/example/react/src/index.js","statementMap":{"0":{"start":{"line":9,"column":13},"end":{"line":9,"column":56}},"1":{"start":{"line":10,"column":0},"end":{"line":14,"column":2}}},"fnMap":{},"branchMap":{},"s":{"0":4,"1":4},"f":{},"b":{},"_coverageSchema":"1a1c01bbd47fc00a2c39e90264f33305004495a9","hash":"9a1505cb442a15b20db81c15b3fcf0993eb77fff"},"/Users/raviranjan/Documents/agents/react-i18next/example/react/src/i18n.js":{"path":"/Users/raviranjan/Documents/agents/react-i18next/example/react/src/i18n.js","statementMap":{"0":{"start":{"line":6,"column":0},"end":{"line":20,"column":5}}},"fnMap":{},"branchMap":{},"s":{"0":0},"f":{},"b":{}},"/Users/raviranjan/Documents/agents/react-i18next/example/react/src/App.js":{"path":"/Users/raviranjan/Documents/agents/react-i18next/example/react/src/App.js","statementMap":{"0":{"start":{"line":9,"column":18},"end":{"line":9,"column":28}},"1":{"start":{"line":10,"column":4},"end":{"line":10,"column":33}},"2":{"start":{"line":13,"column":16},"end":{"line":13,"column":53}},"3":{"start":{"line":17,"column":2},"end":{"line":21,"column":4}},"4":{"start":{"line":26,"column":22},"end":{"line":26,"column":38}},"5":{"start":{"line":28,"column":25},"end":{"line":30,"column":3}},"6":{"start":{"line":29,"column":4},"end":{"line":29,"column":29}},"7":{"start":{"line":32,"column":2},"end":{"line":49,"column":4}},"8":{"start":{"line":37,"column":45},"end":{"line":37,"column":65}},"9":{"start":{"line":40,"column":45},"end":{"line":40,"column":65}},"10":{"start":{"line":53,"column":15},"end":{"line":58,"column":1}},"11":{"start":{"line":54,"column":2},"end":{"line":57,"column":8}},"12":{"start":{"line":62,"column":2},"end":{"line":66,"column":4}}},"fnMap":{"0":{"name":"(anonymous_0)","decl":{"start":{"line":8,"column":2},"end":{"line":8,"column":3}},"loc":{"start":{"line":8,"column":11},"end":{"line":11,"column":3}},"line":8},"1":{"name":"MyComponent","decl":{"start":{"line":16,"column":9},"end":{"line":16,"column":20}},"loc":{"start":{"line":16,"column":23},"end":{"line":22,"column":1}},"line":16},"2":{"name":"Page","decl":{"start":{"line":25,"column":9},"end":{"line":25,"column":13}},"loc":{"start":{"line":25,"column":16},"end":{"line":50,"column":1}},"line":25},"3":{"name":"(anonymous_3)","decl":{"start":{"line":28,"column":25},"end":{"line":28,"column":26}},"loc":{"start":{"line":28,"column":34},"end":{"line":30,"column":3}},"line":28},"4":{"name":"(anonymous_4)","decl":{"start":{"line":37,"column":39},"end":{"line":37,"column":40}},"loc":{"start":{"line":37,"column":45},"end":{"line":37,"column":65}},"line":37},"5":{"name":"(anonymous_5)","decl":{"start":{"line":40,"column":39},"end":{"line":40,"column":40}},"loc":{"start":{"line":40,"column":45},"end":{"line":40,"column":65}},"line":40},"6":{"name":"(anonymous_6)","decl":{"start":{"line":53,"column":15},"end":{"line":53,"column":16}},"loc":{"start":{"line":54,"column":2},"end":{"line":57,"column":8}},"line":54},"7":{"name":"App","decl":{"start":{"line":61,"column":24},"end":{"line":61,"column":27}},"loc":{"start":{"line":61,"column":30},"end":{"line":67,"column":1}},"line":61}},"branchMap":{},"s":{"0":0,"1":0,"2":0,"3":0,"4":0,"5":0,"6":0,"7":0,"8":0,"9":0,"10":0,"11":0,"12":0},"f":{"0":0,"1":0,"2":0,"3":0,"4":0,"5":0,"6":0,"7":0},"b":{}}}}